2020-02-10 14:57:29 [37m[DEBUG][0m [PID-14] mqtt.go Setup:49 setting up 
2020-02-10 14:57:29 [37m[DEBUG][0m [PID-14] mqtt.go Setup:56 using current setup 
2020-02-10 14:57:29 [37m[DEBUG][0m [PID-14] mqtt.go updateMosquittoConfig:85 opening mosquitto database 
2020-02-10 14:57:32 [37m[DEBUG][0m [PID-14] db.go Open:977 made tables 
2020-02-10 14:57:32 [37m[DEBUG][0m [PID-14] mqtt.go updateMosquittoConfig:94 starting database 
2020-02-10 14:57:32 [37m[DEBUG][0m [PID-14] mqtt.go updateMosquittoConfig:98 making acl 
2020-02-10 14:57:32 [37m[DEBUG][0m [PID-14] mqtt.go updateMosquittoConfig:103 making passwd 
2020-02-10 14:57:32 [37m[DEBUG][0m [PID-14] mqtt.go updateMosquittoConfig:108 making conf 
2020-02-10 14:57:32 [37m[DEBUG][0m [PID-14] mqtt.go updateMosquittoConfig:166 setup mosquitto and gave HUP signal 
2020-02-10 14:57:35 [37m[DEBUG][0m [PID-14] mqtt.go Setup:78 finished setup 
2020-02-10 14:57:35 [33m[WARN][0m [PID-14] server.go Run:39 Network Error : dial tcp: address tcp/1883": unknown port 
2020-02-10 14:57:35 [37m[DEBUG][0m [PID-14] server.go Run:39 setup mqtt 
2020-02-10 14:57:35 [37m[DEBUG][0m [PID-14] mode.go Run:49 current families: [] 
2020-02-10 14:57:35 [36m[INFO][0m [PID-14] server.go Run:579 Running on 0.0.0.0:8003 
2020-02-10 16:53:05 [37m[DEBUG][0m [PID-16] mqtt.go Setup:49 setting up 
2020-02-10 16:53:05 [37m[DEBUG][0m [PID-16] mqtt.go Setup:56 using current setup 
2020-02-10 16:53:05 [37m[DEBUG][0m [PID-16] mqtt.go updateMosquittoConfig:85 opening mosquitto database 
2020-02-10 16:53:05 [37m[DEBUG][0m [PID-16] mqtt.go updateMosquittoConfig:94 starting database 
2020-02-10 16:53:05 [37m[DEBUG][0m [PID-16] mqtt.go updateMosquittoConfig:98 making acl 
2020-02-10 16:53:05 [37m[DEBUG][0m [PID-16] mqtt.go updateMosquittoConfig:103 making passwd 
2020-02-10 16:53:05 [37m[DEBUG][0m [PID-16] mqtt.go updateMosquittoConfig:108 making conf 
2020-02-10 16:53:05 [37m[DEBUG][0m [PID-16] mqtt.go updateMosquittoConfig:166 setup mosquitto and gave HUP signal 
2020-02-10 16:53:08 [37m[DEBUG][0m [PID-16] mqtt.go Setup:78 finished setup 
2020-02-10 16:53:08 [33m[WARN][0m [PID-16] server.go Run:39 Network Error : dial tcp: address tcp/1883": unknown port 
2020-02-10 16:53:08 [37m[DEBUG][0m [PID-16] server.go Run:39 setup mqtt 
2020-02-10 16:53:08 [37m[DEBUG][0m [PID-16] mode.go Run:49 current families: [] 
2020-02-10 16:53:08 [36m[INFO][0m [PID-16] server.go Run:579 Running on 0.0.0.0:8003 
2020-02-10 16:53:10 [36m[INFO][0m [PID-16] server.go func1:1360 172.25.0.1:44972 GET / 3.512081ms 
2020-02-10 17:05:33 [36m[INFO][0m [PID-16] server.go func1:1360 172.25.0.1:45614 GET / 2.273343ms 
